Added Parameter Manufacturer Part No.= to Part C1
Added Parameter Manufacturer Part No.= to Part R1
Added Parameter Part Description= to Part C1
Added Parameter Part Description= to Part R1
Added Parameter Part No.= to Part P1
Added Parameter Part No.= to Part P2
Added Parameter Part No.= to Part P3
Added Parameter Part No.= to Part P4
Added Parameter Spec.= to Part P1
Added Parameter Spec.= to Part P2
Added Parameter Spec.= to Part P3
Added Parameter Spec.= to Part P4
Added Parameter Specification= to Part C1
Added Parameter Specification= to Part R1
Added Parameter Supplier= to Part C1
Added Parameter Supplier= to Part R1
Added Parameter Supplier part number= to Part C1
Added Parameter Supplier part number= to Part R1
Added Parameter Vendor= to Part P1
Added Parameter Vendor= to Part P2
Added Parameter Vendor= to Part P3
Added Parameter Vendor= to Part P4
