Added Parameter Link= to Part TP1
Added Parameter Link= to Part U1
Added Parameter Link= to Part U2
Added Parameter Link= to Part U3
Added Parameter Manufacturer= to Part TP1
Added Parameter Manufacturer= to Part U1
Added Parameter Manufacturer= to Part U2
Added Parameter Manufacturer= to Part U3
Added Parameter Manufacturer Part No.= to Part C2
Added Parameter Manufacturer Part No.= to Part C3
Added Parameter Manufacturer Part No.= to Part C4
Added Parameter Manufacturer Part No.= to Part C5
Added Parameter Manufacturer Part No.= to Part C6
Added Parameter Manufacturer Part No.= to Part C7
Added Parameter Manufacturer Part No.= to Part C8
Added Parameter Manufacturer Part No.= to Part C9
Added Parameter Manufacturer Part No.= to Part C10
Added Parameter Manufacturer Part No.= to Part C11
Added Parameter Manufacturer Part No.= to Part C12
Added Parameter Manufacturer Part No.= to Part C13
Added Parameter Manufacturer Part No.= to Part C14
Added Parameter Manufacturer Part No.= to Part C15
Added Parameter Manufacturer Part No.= to Part C16
Added Parameter Manufacturer Part No.= to Part C17
Added Parameter Manufacturer Part No.= to Part F1
Added Parameter Manufacturer Part No.= to Part F2
Added Parameter Manufacturer Part No.= to Part L1
Added Parameter Manufacturer Part No.= to Part P5
Added Parameter Manufacturer Part No.= to Part P6
Added Parameter Manufacturer Part No.= to Part P7
Added Parameter Manufacturer Part No.= to Part R2
Added Parameter Manufacturer Part No.= to Part R3
Added Parameter Manufacturer Part No.= to Part R4
Added Parameter Manufacturer Part No.= to Part R5
Added Parameter Manufacturer Part No.= to Part R6
Added Parameter Manufacturer Part No.= to Part R7
Added Parameter Manufacturer Part No.= to Part R8
Added Parameter Manufacturer Part No.= to Part R9
Added Parameter Manufacturer Part No.= to Part R10
Added Parameter Manufacturer Part No.= to Part R11
Added Parameter Manufacturer Part No.= to Part R12
Added Parameter Manufacturer Part No.= to Part R13
Added Parameter Manufacturer Part No.= to Part R14
Added Parameter Manufacturer Part No.= to Part TP1
Added Parameter Manufacturer Part No.= to Part U1
Added Parameter Manufacturer Part No.= to Part U2
Added Parameter Manufacturer Part No.= to Part U3
Added Parameter Manufacturer Part No.= to Part U4
Added Parameter Part Description= to Part C2
Added Parameter Part Description= to Part C3
Added Parameter Part Description= to Part C4
Added Parameter Part Description= to Part C5
Added Parameter Part Description= to Part C6
Added Parameter Part Description= to Part C7
Added Parameter Part Description= to Part C8
Added Parameter Part Description= to Part C9
Added Parameter Part Description= to Part C10
Added Parameter Part Description= to Part C11
Added Parameter Part Description= to Part C12
Added Parameter Part Description= to Part C13
Added Parameter Part Description= to Part C14
Added Parameter Part Description= to Part C15
Added Parameter Part Description= to Part C16
Added Parameter Part Description= to Part C17
Added Parameter Part Description= to Part F1
Added Parameter Part Description= to Part F2
Added Parameter Part Description= to Part L1
Added Parameter Part Description= to Part P5
Added Parameter Part Description= to Part P6
Added Parameter Part Description= to Part P7
Added Parameter Part Description= to Part R2
Added Parameter Part Description= to Part R3
Added Parameter Part Description= to Part R4
Added Parameter Part Description= to Part R5
Added Parameter Part Description= to Part R6
Added Parameter Part Description= to Part R7
Added Parameter Part Description= to Part R8
Added Parameter Part Description= to Part R9
Added Parameter Part Description= to Part R10
Added Parameter Part Description= to Part R11
Added Parameter Part Description= to Part R12
Added Parameter Part Description= to Part R13
Added Parameter Part Description= to Part R14
Added Parameter Part Description= to Part TP1
Added Parameter Part Description= to Part U1
Added Parameter Part Description= to Part U2
Added Parameter Part Description= to Part U3
Added Parameter Part Description= to Part U4
Added Parameter Part No.= to Part D1
Added Parameter Part No.= to Part D2
Added Parameter Part No.= to Part Q1
Added Parameter Part No.= to Part Q2
Added Parameter Part No.= to Part Q3
Added Parameter Part No.= to Part Q4
Added Parameter Part No.= to Part TP1
Added Parameter Part No.= to Part U1
Added Parameter Part No.= to Part U2
Added Parameter Part No.= to Part U3
Added Parameter Spec.= to Part D1
Added Parameter Spec.= to Part D2
Added Parameter Spec.= to Part Q1
Added Parameter Spec.= to Part Q2
Added Parameter Spec.= to Part Q3
Added Parameter Spec.= to Part Q4
Added Parameter Spec.= to Part TP1
Added Parameter Spec.= to Part U1
Added Parameter Spec.= to Part U2
Added Parameter Spec.= to Part U3
Added Parameter Specification= to Part C2
Added Parameter Specification= to Part C3
Added Parameter Specification= to Part C4
Added Parameter Specification= to Part C5
Added Parameter Specification= to Part C6
Added Parameter Specification= to Part C7
Added Parameter Specification= to Part C8
Added Parameter Specification= to Part C9
Added Parameter Specification= to Part C10
Added Parameter Specification= to Part C11
Added Parameter Specification= to Part C12
Added Parameter Specification= to Part C13
Added Parameter Specification= to Part C14
Added Parameter Specification= to Part C15
Added Parameter Specification= to Part C16
Added Parameter Specification= to Part C17
Added Parameter Specification= to Part F1
Added Parameter Specification= to Part F2
Added Parameter Specification= to Part L1
Added Parameter Specification= to Part P5
Added Parameter Specification= to Part P6
Added Parameter Specification= to Part P7
Added Parameter Specification= to Part R2
Added Parameter Specification= to Part R3
Added Parameter Specification= to Part R4
Added Parameter Specification= to Part R5
Added Parameter Specification= to Part R6
Added Parameter Specification= to Part R7
Added Parameter Specification= to Part R8
Added Parameter Specification= to Part R9
Added Parameter Specification= to Part R10
Added Parameter Specification= to Part R11
Added Parameter Specification= to Part R12
Added Parameter Specification= to Part R13
Added Parameter Specification= to Part R14
Added Parameter Specification= to Part TP1
Added Parameter Specification= to Part U1
Added Parameter Specification= to Part U2
Added Parameter Specification= to Part U3
Added Parameter Specification= to Part U4
Added Parameter Supplier= to Part C2
Added Parameter Supplier= to Part C3
Added Parameter Supplier= to Part C4
Added Parameter Supplier= to Part C5
Added Parameter Supplier= to Part C6
Added Parameter Supplier= to Part C7
Added Parameter Supplier= to Part C8
Added Parameter Supplier= to Part C9
Added Parameter Supplier= to Part C10
Added Parameter Supplier= to Part C11
Added Parameter Supplier= to Part C12
Added Parameter Supplier= to Part C13
Added Parameter Supplier= to Part C14
Added Parameter Supplier= to Part C15
Added Parameter Supplier= to Part C16
Added Parameter Supplier= to Part C17
Added Parameter Supplier= to Part F1
Added Parameter Supplier= to Part F2
Added Parameter Supplier= to Part L1
Added Parameter Supplier= to Part P5
Added Parameter Supplier= to Part P6
Added Parameter Supplier= to Part P7
Added Parameter Supplier= to Part R2
Added Parameter Supplier= to Part R3
Added Parameter Supplier= to Part R4
Added Parameter Supplier= to Part R5
Added Parameter Supplier= to Part R6
Added Parameter Supplier= to Part R7
Added Parameter Supplier= to Part R8
Added Parameter Supplier= to Part R9
Added Parameter Supplier= to Part R10
Added Parameter Supplier= to Part R11
Added Parameter Supplier= to Part R12
Added Parameter Supplier= to Part R13
Added Parameter Supplier= to Part R14
Added Parameter Supplier= to Part TP1
Added Parameter Supplier= to Part U1
Added Parameter Supplier= to Part U2
Added Parameter Supplier= to Part U3
Added Parameter Supplier= to Part U4
Added Parameter Supplier part number= to Part C2
Added Parameter Supplier part number= to Part C3
Added Parameter Supplier part number= to Part C4
Added Parameter Supplier part number= to Part C5
Added Parameter Supplier part number= to Part C6
Added Parameter Supplier part number= to Part C7
Added Parameter Supplier part number= to Part C8
Added Parameter Supplier part number= to Part C9
Added Parameter Supplier part number= to Part C10
Added Parameter Supplier part number= to Part C11
Added Parameter Supplier part number= to Part C12
Added Parameter Supplier part number= to Part C13
Added Parameter Supplier part number= to Part C14
Added Parameter Supplier part number= to Part C15
Added Parameter Supplier part number= to Part C16
Added Parameter Supplier part number= to Part C17
Added Parameter Supplier part number= to Part F1
Added Parameter Supplier part number= to Part F2
Added Parameter Supplier part number= to Part L1
Added Parameter Supplier part number= to Part P5
Added Parameter Supplier part number= to Part P6
Added Parameter Supplier part number= to Part P7
Added Parameter Supplier part number= to Part R2
Added Parameter Supplier part number= to Part R3
Added Parameter Supplier part number= to Part R4
Added Parameter Supplier part number= to Part R5
Added Parameter Supplier part number= to Part R6
Added Parameter Supplier part number= to Part R7
Added Parameter Supplier part number= to Part R8
Added Parameter Supplier part number= to Part R9
Added Parameter Supplier part number= to Part R10
Added Parameter Supplier part number= to Part R11
Added Parameter Supplier part number= to Part R12
Added Parameter Supplier part number= to Part R13
Added Parameter Supplier part number= to Part R14
Added Parameter Supplier part number= to Part TP1
Added Parameter Supplier part number= to Part U1
Added Parameter Supplier part number= to Part U2
Added Parameter Supplier part number= to Part U3
Added Parameter Supplier part number= to Part U4
Added Parameter Value= to Part TP1
Added Parameter Value= to Part U1
Added Parameter Value= to Part U2
Added Parameter Value= to Part U3
Added Parameter Vendor= to Part D1
Added Parameter Vendor= to Part D2
Added Parameter Vendor= to Part Q1
Added Parameter Vendor= to Part Q2
Added Parameter Vendor= to Part Q3
Added Parameter Vendor= to Part Q4
Added Parameter Vendor= to Part TP1
Added Parameter Vendor= to Part U1
Added Parameter Vendor= to Part U2
Added Parameter Vendor= to Part U3
