Change Component Parameter Description in C2 Old=Capacitor New=Capacitor ceramic
Change Value of Parameter Part Description in Part C2 Old= New=Ceramic Capacitor
Change Value of Parameter Vendor in Part C2 Old=Farnell New=
Change Component Parameter Description in C3 Old=Capacitor New=Capacitor ceramic
Change Value of Parameter Part Description in Part C3 Old= New=Ceramic Capacitor
Change Value of Parameter Vendor in Part C3 Old=Farnell New=
Change Component Parameter Description in C4 Old=Capacitor New=Capacitor ceramic
Change Value of Parameter Part Description in Part C4 Old= New=Ceramic Capacitor
Change Value of Parameter Vendor in Part C4 Old=Farnell New=
Change Component Parameter Description in C5 Old=Capacitor New=Capacitor ceramic
Change Value of Parameter Part Description in Part C5 Old= New=Ceramic Capacitor
Change Value of Parameter Vendor in Part C5 Old=Farnell New=
Change Component Parameter Description in C6 Old=Capacitor New=Capacitor ceramic
Change Value of Parameter Part Description in Part C6 Old= New=Ceramic Capacitor
Change Value of Parameter Vendor in Part C6 Old=Farnell New=
Change Component Parameter Description in C7 Old=Capacitor New=Capacitor ceramic
Change Value of Parameter Part Description in Part C7 Old= New=Ceramic Capacitor
Change Value of Parameter Vendor in Part C7 Old=Farnell New=
Change Component Parameter Description in C8 Old=Capacitor New=Capacitor ceramic
Change Value of Parameter Part Description in Part C8 Old= New=Ceramic Capacitor
Change Value of Parameter Vendor in Part C8 Old=Farnell New=
Change Component Parameter Description in C9 Old=Capacitor New=Capacitor ceramic
Change Value of Parameter Part Description in Part C9 Old= New=Ceramic Capacitor
Change Value of Parameter Vendor in Part C9 Old=Farnell New=
Change Component Parameter Description in C10 Old=Capacitor New=Capacitor ceramic
Change Value of Parameter Part Description in Part C10 Old= New=Ceramic Capacitor
Change Value of Parameter Vendor in Part C10 Old=Farnell New=
Change Component Parameter Description in C11 Old=Capacitor New=Capacitor ceramic
Change Value of Parameter Part Description in Part C11 Old= New=Ceramic Capacitor
Change Value of Parameter Vendor in Part C11 Old=Farnell New=
Change Component Parameter Description in C12 Old=Capacitor New=Capacitor ceramic
Change Value of Parameter Part Description in Part C12 Old= New=Ceramic Capacitor
Change Value of Parameter Vendor in Part C12 Old=Farnell New=
Change Component Parameter Description in C13 Old=Capacitor New=Capacitor ceramic
Change Value of Parameter Part Description in Part C13 Old= New=Ceramic Capacitor
Change Value of Parameter Vendor in Part C13 Old=Farnell New=
Change Component Parameter Description in C14 Old=Capacitor New=Capacitor ceramic
Change Value of Parameter Part Description in Part C14 Old= New=Ceramic Capacitor
Change Value of Parameter Vendor in Part C14 Old=Farnell New=
Change Component Parameter Description in C15 Old=Capacitor New=Capacitor ceramic
Change Value of Parameter Part Description in Part C15 Old= New=Ceramic Capacitor
Change Value of Parameter Vendor in Part C15 Old=Farnell New=
Change Component Parameter Description in C16 Old=Capacitor New=Capacitor ceramic
Change Value of Parameter Part Description in Part C16 Old= New=Ceramic Capacitor
Change Value of Parameter Vendor in Part C16 Old=Farnell New=
Change Component Parameter Description in C17 Old=Polarized Capacitor (Axial) New=Capacitor Tantalum
Change Value of Parameter Part Description in Part C17 Old= New=Capacitor Tantalum
Change Value of Parameter Vendor in Part C17 Old=Farnell New=
Change Value of Parameter Vendor in Part F1 Old=Farnell New=
Change Value of Parameter Vendor in Part F2 Old=Farnell New=
Change Component Parameter Comment in L1 Old= New=Power Inductor
Change Value of Parameter Vendor in Part L1 Old=Farnell New=
Change Value of Parameter Vendor in Part P5 Old=Elgrijana New=
Change Value of Parameter Vendor in Part P6 Old=Elgrijana New=
Change Value of Parameter Vendor in Part P7 Old=Elgrijana New=
Change Value of Parameter Part Description in Part R2 Old= New=Thick Film Resistor
Change Value of Parameter Vendor in Part R2 Old=Any New=
Change Value of Parameter Part Description in Part R3 Old= New=Thick Film Resistor
Change Value of Parameter Vendor in Part R3 Old=Any New=
Change Value of Parameter Part Description in Part R4 Old= New=Thick Film Resistor
Change Value of Parameter Vendor in Part R4 Old=Any New=
Change Value of Parameter Part Description in Part R5 Old= New=Thick Film Resistor
Change Value of Parameter Vendor in Part R5 Old=Any New=
Change Value of Parameter Part Description in Part R6 Old= New=Thick Film Resistor
Change Value of Parameter Vendor in Part R6 Old=Any New=
Change Value of Parameter Part Description in Part R7 Old= New=Thick Film Resistor
Change Value of Parameter Vendor in Part R7 Old=Any New=
Change Value of Parameter Part Description in Part R8 Old= New=Thick Film Resistor
Change Value of Parameter Vendor in Part R8 Old=Any New=
Change Value of Parameter Part Description in Part R9 Old= New=Thick Film Resistor
Change Value of Parameter Vendor in Part R9 Old=Any New=
Change Value of Parameter Part Description in Part R10 Old= New=Thick Film Resistor
Change Value of Parameter Vendor in Part R10 Old=Any New=
Change Value of Parameter Part Description in Part R11 Old= New=Thick Film Resistor
Change Value of Parameter Vendor in Part R11 Old=Any New=
Change Value of Parameter Part Description in Part R12 Old= New=Thick Film Resistor
Change Value of Parameter Vendor in Part R12 Old=Any New=
Change Value of Parameter Part Description in Part R13 Old= New=Thick Film Resistor
Change Value of Parameter Vendor in Part R13 Old=Any New=
Change Value of Parameter Part Description in Part R14 Old= New=Thick Film Resistor
Change Value of Parameter Vendor in Part R14 Old=Any New=
Change Value of Parameter Vendor in Part U4 Old=Farnell New=
