Change Component Parameter Comment in C18 Old= New=Capacitor ceramic
Change Component Parameter Description in C18 Old=Capacitor (Semiconductor SIM Model) New=Capacitor ceramic
Change Component Parameter Comment in C19 Old= New=Capacitor ceramic
Change Component Parameter Description in C19 Old=Capacitor (Semiconductor SIM Model) New=Capacitor ceramic
Change Component Parameter Comment in C20 Old= New=Capacitor ceramic
Change Component Parameter Description in C20 Old=Capacitor (Semiconductor SIM Model) New=Capacitor ceramic
Change Component Parameter Description in C21 Old=Capacitor New=Capacitor ceramic
Change Value of Parameter Part Description in Part C21 Old= New=Ceramic Capacitor
Change Value of Parameter Vendor in Part C21 Old=Farnell New=
Change Component Parameter Description in C22 Old=Capacitor New=Capacitor ceramic
Change Value of Parameter Part Description in Part C22 Old= New=Ceramic Capacitor
Change Value of Parameter Vendor in Part C22 Old=Farnell New=
Change Component Parameter Description in C23 Old=Capacitor New=Capacitor ceramic
Change Value of Parameter Part Description in Part C23 Old= New=Ceramic Capacitor
Change Value of Parameter Vendor in Part C23 Old=Farnell New=
Change Component Parameter Description in C24 Old=Capacitor New=Capacitor ceramic
Change Value of Parameter Part Description in Part C24 Old= New=Ceramic Capacitor
Change Value of Parameter Vendor in Part C24 Old=Farnell New=
Change Component Parameter Description in C25 Old=Capacitor New=Capacitor ceramic
Change Value of Parameter Part Description in Part C25 Old= New=Ceramic Capacitor
Change Value of Parameter Vendor in Part C25 Old=Farnell New=
Change Component Parameter Description in C26 Old=Capacitor New=Capacitor ceramic
Change Value of Parameter Part Description in Part C26 Old= New=Ceramic Capacitor
Change Value of Parameter Vendor in Part C26 Old=Farnell New=
Change Component Parameter Comment in C27 Old= New=Capacitor ceramic
Change Component Parameter Description in C27 Old=Capacitor (Semiconductor SIM Model) New=Capacitor ceramic
Change Component Parameter Description in C28 Old=Capacitor New=Capacitor ceramic
Change Value of Parameter Part Description in Part C28 Old= New=Ceramic Capacitor
Change Value of Parameter Vendor in Part C28 Old=Farnell New=
Change Component Parameter Comment in R15 Old= New=Resistor
Change Value of Parameter Part Description in Part R15 Old= New=Thick Film Resistor
Change Value of Parameter Vendor in Part R15 Old=Any New=
Change Component Parameter Comment in R16 Old= New=Resistor
Change Value of Parameter Part Description in Part R16 Old= New=Thick Film Resistor
Change Value of Parameter Vendor in Part R16 Old=Any New=
Change Component Parameter Comment in R17 Old= New=Resistor
Change Component Parameter Description in R17 Old= New=Resistor
Change Value of Parameter Part Description in Part R18 Old= New=Thick Film Resistor
Change Value of Parameter Vendor in Part R18 Old=Any New=
Change Component Parameter Comment in R19 Old= New=Resistor
Change Value of Parameter Part Description in Part R19 Old= New=Thick Film Resistor
Change Value of Parameter Vendor in Part R19 Old=Any New=
Change Component Parameter Comment in R20 Old= New=Resistor
Change Value of Parameter Part Description in Part R20 Old= New=Thick Film Resistor
Change Value of Parameter Vendor in Part R20 Old=Any New=
Change Component Parameter Comment in R21 Old= New=Resistor
Change Value of Parameter Part Description in Part R21 Old= New=Thick Film Resistor
Change Value of Parameter Vendor in Part R21 Old=Any New=
Change Component Parameter Comment in R22 Old= New=Resistor
Change Value of Parameter Part Description in Part R22 Old= New=Thick Film Resistor
Change Value of Parameter Vendor in Part R22 Old=Any New=
Change Component Parameter Comment in R23 Old= New=Resistor
Change Value of Parameter Part Description in Part R23 Old= New=Thick Film Resistor
Change Value of Parameter Vendor in Part R23 Old=Any New=
Change Value of Parameter Part Description in Part R24 Old= New=Thick Film Resistor
Change Value of Parameter Vendor in Part R24 Old=Any New=
Change Component Parameter Comment in R25 Old= New=Resistor
Change Component Parameter Description in R25 Old= New=Resistor
Change Component Parameter Comment in R26 Old= New=Resistor
Change Component Parameter Description in R26 Old= New=Resistor
