Added Parameter Link= to Part U6
Added Parameter Manufacturer= to Part U6
Added Parameter Manufacturer Part No.= to Part C21
Added Parameter Manufacturer Part No.= to Part C22
Added Parameter Manufacturer Part No.= to Part C23
Added Parameter Manufacturer Part No.= to Part C24
Added Parameter Manufacturer Part No.= to Part C25
Added Parameter Manufacturer Part No.= to Part C26
Added Parameter Manufacturer Part No.= to Part C28
Added Parameter Manufacturer Part No.= to Part R15
Added Parameter Manufacturer Part No.= to Part R16
Added Parameter Manufacturer Part No.= to Part R18
Added Parameter Manufacturer Part No.= to Part R19
Added Parameter Manufacturer Part No.= to Part R20
Added Parameter Manufacturer Part No.= to Part R21
Added Parameter Manufacturer Part No.= to Part R22
Added Parameter Manufacturer Part No.= to Part R23
Added Parameter Manufacturer Part No.= to Part R24
Added Parameter Manufacturer Part No.= to Part U6
Added Parameter Part Description= to Part C21
Added Parameter Part Description= to Part C22
Added Parameter Part Description= to Part C23
Added Parameter Part Description= to Part C24
Added Parameter Part Description= to Part C25
Added Parameter Part Description= to Part C26
Added Parameter Part Description= to Part C28
Added Parameter Part Description= to Part R15
Added Parameter Part Description= to Part R16
Added Parameter Part Description= to Part R18
Added Parameter Part Description= to Part R19
Added Parameter Part Description= to Part R20
Added Parameter Part Description= to Part R21
Added Parameter Part Description= to Part R22
Added Parameter Part Description= to Part R23
Added Parameter Part Description= to Part R24
Added Parameter Part Description= to Part U6
Added Parameter Part No.= to Part C18
Added Parameter Part No.= to Part C19
Added Parameter Part No.= to Part C20
Added Parameter Part No.= to Part C27
Added Parameter Part No.= to Part J1
Added Parameter Part No.= to Part LED1
Added Parameter Part No.= to Part P8
Added Parameter Part No.= to Part R17
Added Parameter Part No.= to Part R25
Added Parameter Part No.= to Part R26
Added Parameter Part No.= to Part S1
Added Parameter Part No.= to Part S2
Added Parameter Part No.= to Part U5
Added Parameter Part No.= to Part U6
Added Parameter Spec.= to Part C18
Added Parameter Spec.= to Part C19
Added Parameter Spec.= to Part C20
Added Parameter Spec.= to Part C27
Added Parameter Spec.= to Part J1
Added Parameter Spec.= to Part LED1
Added Parameter Spec.= to Part P8
Added Parameter Spec.= to Part R17
Added Parameter Spec.= to Part R25
Added Parameter Spec.= to Part R26
Added Parameter Spec.= to Part S1
Added Parameter Spec.= to Part S2
Added Parameter Spec.= to Part U5
Added Parameter Spec.= to Part U6
Added Parameter Specification= to Part C21
Added Parameter Specification= to Part C22
Added Parameter Specification= to Part C23
Added Parameter Specification= to Part C24
Added Parameter Specification= to Part C25
Added Parameter Specification= to Part C26
Added Parameter Specification= to Part C28
Added Parameter Specification= to Part R15
Added Parameter Specification= to Part R16
Added Parameter Specification= to Part R18
Added Parameter Specification= to Part R19
Added Parameter Specification= to Part R20
Added Parameter Specification= to Part R21
Added Parameter Specification= to Part R22
Added Parameter Specification= to Part R23
Added Parameter Specification= to Part R24
Added Parameter Specification= to Part U6
Added Parameter Supplier= to Part C21
Added Parameter Supplier= to Part C22
Added Parameter Supplier= to Part C23
Added Parameter Supplier= to Part C24
Added Parameter Supplier= to Part C25
Added Parameter Supplier= to Part C26
Added Parameter Supplier= to Part C28
Added Parameter Supplier= to Part R15
Added Parameter Supplier= to Part R16
Added Parameter Supplier= to Part R18
Added Parameter Supplier= to Part R19
Added Parameter Supplier= to Part R20
Added Parameter Supplier= to Part R21
Added Parameter Supplier= to Part R22
Added Parameter Supplier= to Part R23
Added Parameter Supplier= to Part R24
Added Parameter Supplier= to Part U6
Added Parameter Supplier part number= to Part C21
Added Parameter Supplier part number= to Part C22
Added Parameter Supplier part number= to Part C23
Added Parameter Supplier part number= to Part C24
Added Parameter Supplier part number= to Part C25
Added Parameter Supplier part number= to Part C26
Added Parameter Supplier part number= to Part C28
Added Parameter Supplier part number= to Part R15
Added Parameter Supplier part number= to Part R16
Added Parameter Supplier part number= to Part R18
Added Parameter Supplier part number= to Part R19
Added Parameter Supplier part number= to Part R20
Added Parameter Supplier part number= to Part R21
Added Parameter Supplier part number= to Part R22
Added Parameter Supplier part number= to Part R23
Added Parameter Supplier part number= to Part R24
Added Parameter Supplier part number= to Part U6
Added Parameter Value= to Part U6
Added Parameter Vendor= to Part C18
Added Parameter Vendor= to Part C19
Added Parameter Vendor= to Part C20
Added Parameter Vendor= to Part C27
Added Parameter Vendor= to Part J1
Added Parameter Vendor= to Part LED1
Added Parameter Vendor= to Part P8
Added Parameter Vendor= to Part R17
Added Parameter Vendor= to Part R25
Added Parameter Vendor= to Part R26
Added Parameter Vendor= to Part S1
Added Parameter Vendor= to Part S2
Added Parameter Vendor= to Part U5
Added Parameter Vendor= to Part U6
