Change Component Parameter Description in C29 Old=Capacitor New=Capacitor ceramic
Change Value of Parameter Part Description in Part C29 Old= New=Ceramic Capacitor
Change Value of Parameter Vendor in Part C29 Old=Farnell New=
Change Component Parameter Description in C30 Old=Capacitor New=Capacitor ceramic
Change Value of Parameter Part Description in Part C30 Old= New=Ceramic Capacitor
Change Value of Parameter Vendor in Part C30 Old=Farnell New=
Change Component Parameter Description in C31 Old=Capacitor New=Capacitor ceramic
Change Value of Parameter Part Description in Part C31 Old= New=Ceramic Capacitor
Change Value of Parameter Vendor in Part C31 Old=Farnell New=
Change Value of Parameter Vendor in Part D3 Old=Arrow New=
Change Value of Parameter Vendor in Part F3 Old=Farnell New=
Change Component Parameter Comment in L2 Old= New=Power Inductor
Change Value of Parameter Vendor in Part L2 Old=Farnell New=
Change Value of Parameter Vendor in Part P9 Old=Elgrijana New=
Change Component Parameter Comment in R27 Old= New=Resistor
Change Value of Parameter Part Description in Part R27 Old= New=Thick Film Resistor
Change Value of Parameter Vendor in Part R27 Old=Any New=
Change Value of Parameter Part Description in Part R28 Old= New=Thick Film Resistor
Change Value of Parameter Vendor in Part R28 Old=Any New=
Change Value of Parameter Vendor in Part U7 Old=Farnell New=
