Added Parameter Manufacturer Part No.= to Part C29
Added Parameter Manufacturer Part No.= to Part C30
Added Parameter Manufacturer Part No.= to Part C31
Added Parameter Manufacturer Part No.= to Part D3
Added Parameter Manufacturer Part No.= to Part F3
Added Parameter Manufacturer Part No.= to Part L2
Added Parameter Manufacturer Part No.= to Part P9
Added Parameter Manufacturer Part No.= to Part R27
Added Parameter Manufacturer Part No.= to Part R28
Added Parameter Manufacturer Part No.= to Part U7
Added Parameter Part Description= to Part C29
Added Parameter Part Description= to Part C30
Added Parameter Part Description= to Part C31
Added Parameter Part Description= to Part D3
Added Parameter Part Description= to Part F3
Added Parameter Part Description= to Part L2
Added Parameter Part Description= to Part P9
Added Parameter Part Description= to Part R27
Added Parameter Part Description= to Part R28
Added Parameter Part Description= to Part U7
Added Parameter Specification= to Part C29
Added Parameter Specification= to Part C30
Added Parameter Specification= to Part C31
Added Parameter Specification= to Part D3
Added Parameter Specification= to Part F3
Added Parameter Specification= to Part L2
Added Parameter Specification= to Part P9
Added Parameter Specification= to Part R27
Added Parameter Specification= to Part R28
Added Parameter Specification= to Part U7
Added Parameter Supplier= to Part C29
Added Parameter Supplier= to Part C30
Added Parameter Supplier= to Part C31
Added Parameter Supplier= to Part D3
Added Parameter Supplier= to Part F3
Added Parameter Supplier= to Part L2
Added Parameter Supplier= to Part P9
Added Parameter Supplier= to Part R27
Added Parameter Supplier= to Part R28
Added Parameter Supplier= to Part U7
Added Parameter Supplier part number= to Part C29
Added Parameter Supplier part number= to Part C30
Added Parameter Supplier part number= to Part C31
Added Parameter Supplier part number= to Part D3
Added Parameter Supplier part number= to Part F3
Added Parameter Supplier part number= to Part L2
Added Parameter Supplier part number= to Part P9
Added Parameter Supplier part number= to Part R27
Added Parameter Supplier part number= to Part R28
Added Parameter Supplier part number= to Part U7
