Removed Pin From Net: NetName=NetC20_1 Pin=S1-3
Removed Pin From Net: NetName=GND Pin=S1-4
Removed Pin From Net: NetName=NetR21_2 Pin=S2-3
Removed Pin From Net: NetName=+3.3V Pin=S2-4
Change Component Footprint: Designator=S1 Old Footprint=EVPAA002K New Footprint=EVQPUA
Change Component Footprint: Designator=S2 Old Footprint=EVPAA002K New Footprint=EVQPUA
Change component parameters: Designator = "S1"; Footprint = "EVQPUA"; UniqueID = "\LSPJJUPQ"
Change component parameters. Clean all parameters for all variants
Change component parameters (AddParameter): Name = "Link"; Value = "https://www.rutronik24.com/search-result/qs:EVQPUJ02K/reset:0"; VariantName = "[No Variations]"
Change component parameters (AddParameter): Name = "Manufacturer"; Value = "Panasonic"; VariantName = "[No Variations]"
Change component parameters (AddParameter): Name = "Manufacturer Part No."; Value = "EVQPUJ02K"; VariantName = "[No Variations]"
Change component parameters (AddParameter): Name = "Part Description"; Value = "Tactile Button"; VariantName = "[No Variations]"
Change component parameters (AddParameter): Name = "Specification"; Value = "1.6N, Right Angle, 50mA"; VariantName = "[No Variations]"
Change component parameters (AddParameter): Name = "Supplier"; Value = "Rutronik"; VariantName = "[No Variations]"
Change component parameters (AddParameter): Name = "Supplier part number"; Value = "EVQPUJ02K"; VariantName = "[No Variations]"
Change component parameters (AddParameter): Name = "Value"; Value = "EVQPUJ02K"; VariantName = "[No Variations]"
Change component parameters: Designator = "S2"; Footprint = "EVQPUA"; UniqueID = "\OEZOHBAZ"
Change component parameters. Clean all parameters for all variants
Change component parameters (AddParameter): Name = "Link"; Value = "https://www.rutronik24.com/search-result/qs:EVQPUJ02K/reset:0"; VariantName = "[No Variations]"
Change component parameters (AddParameter): Name = "Manufacturer"; Value = "Panasonic"; VariantName = "[No Variations]"
Change component parameters (AddParameter): Name = "Manufacturer Part No."; Value = "EVQPUJ02K"; VariantName = "[No Variations]"
Change component parameters (AddParameter): Name = "Part Description"; Value = "Tactile Button"; VariantName = "[No Variations]"
Change component parameters (AddParameter): Name = "Specification"; Value = "1.6N, Right Angle, 50mA"; VariantName = "[No Variations]"
Change component parameters (AddParameter): Name = "Supplier"; Value = "Rutronik"; VariantName = "[No Variations]"
Change component parameters (AddParameter): Name = "Supplier part number"; Value = "EVQPUJ02K"; VariantName = "[No Variations]"
Change component parameters (AddParameter): Name = "Value"; Value = "EVQPUJ02K"; VariantName = "[No Variations]"
Added Pin To Net: NetName=GND Pin=S1-3
Added Pin To Net: NetName=NetC20_1 Pin=S1-4
Added Pin To Net: NetName=+3.3V Pin=S2-3
Added Pin To Net: NetName=NetR21_2 Pin=S2-4
