Added Component: Designator=TP6(TEST_POINT)
Add component. Clean all parameters for all variants
Add component (AddParameter): Name = "Link"; Value = ""; VariantName = "[No Variations]"
Add component (AddParameter): Name = "Manufacturer"; Value = ""; VariantName = "[No Variations]"
Add component (AddParameter): Name = "Manufacturer Part No."; Value = ""; VariantName = "[No Variations]"
Add component (AddParameter): Name = "Part Description"; Value = ""; VariantName = "[No Variations]"
Add component (AddParameter): Name = "Part No."; Value = ""; VariantName = "[No Variations]"
Add component (AddParameter): Name = "Spec."; Value = ""; VariantName = "[No Variations]"
Add component (AddParameter): Name = "Specification"; Value = ""; VariantName = "[No Variations]"
Add component (AddParameter): Name = "Supplier"; Value = ""; VariantName = "[No Variations]"
Add component (AddParameter): Name = "Supplier part number"; Value = ""; VariantName = "[No Variations]"
Add component (AddParameter): Name = "Value"; Value = ""; VariantName = "[No Variations]"
Add component (AddParameter): Name = "Vendor"; Value = ""; VariantName = "[No Variations]"
Added Component: Designator=TP7(TEST_POINT)
Add component. Clean all parameters for all variants
Add component (AddParameter): Name = "Link"; Value = ""; VariantName = "[No Variations]"
Add component (AddParameter): Name = "Manufacturer"; Value = ""; VariantName = "[No Variations]"
Add component (AddParameter): Name = "Manufacturer Part No."; Value = ""; VariantName = "[No Variations]"
Add component (AddParameter): Name = "Part Description"; Value = ""; VariantName = "[No Variations]"
Add component (AddParameter): Name = "Part No."; Value = ""; VariantName = "[No Variations]"
Add component (AddParameter): Name = "Spec."; Value = ""; VariantName = "[No Variations]"
Add component (AddParameter): Name = "Specification"; Value = ""; VariantName = "[No Variations]"
Add component (AddParameter): Name = "Supplier"; Value = ""; VariantName = "[No Variations]"
Add component (AddParameter): Name = "Supplier part number"; Value = ""; VariantName = "[No Variations]"
Add component (AddParameter): Name = "Value"; Value = ""; VariantName = "[No Variations]"
Add component (AddParameter): Name = "Vendor"; Value = ""; VariantName = "[No Variations]"
Added Pin To Net: NetName=ADC2 Pin=TP6-0
Added Pin To Net: NetName=ADC1 Pin=TP7-0
Added Member To Class: ClassName=Charger Member=Component R13 Resistor
Added Member To Class: ClassName=Charger Member=Component TP6 Test_Point
Added Member To Class: ClassName=Charger Member=Component TP7 Test_Point
