Removed Parameter Part No.: from Part C32
Removed Parameter Part No.: from Part C33
Removed Parameter Part No.: from Part C34
Removed Parameter Part No.: from Part C35
Removed Parameter Part No.: from Part C36
Removed Parameter Part No.: from Part C37
Removed Parameter Part No.: from Part D5
Removed Parameter Part No.: from Part L3
Removed Parameter Part No.: from Part R29
Removed Parameter Part No.: from Part R30
Removed Parameter Part No.: from Part R31
Removed Parameter Part No.: from Part R32
Removed Parameter Part No.: from Part TP2
Removed Parameter Part No.: from Part TP3
Removed Parameter Part No.: from Part TP4
Removed Parameter Part No.: from Part TP5
Removed Parameter Part No.: from Part U8
Removed Parameter Part No.: from Part U9
Removed Parameter Part No.:SK210 from Part D4
Removed Parameter Spec.:100V,2A from Part D4
Removed Parameter Spec.: from Part C32
Removed Parameter Spec.: from Part C33
Removed Parameter Spec.: from Part C34
Removed Parameter Spec.: from Part C35
Removed Parameter Spec.: from Part C36
Removed Parameter Spec.: from Part C37
Removed Parameter Spec.: from Part D5
Removed Parameter Spec.: from Part L3
Removed Parameter Spec.: from Part R29
Removed Parameter Spec.: from Part R30
Removed Parameter Spec.: from Part R31
Removed Parameter Spec.: from Part R32
Removed Parameter Spec.: from Part TP2
Removed Parameter Spec.: from Part TP3
Removed Parameter Spec.: from Part TP4
Removed Parameter Spec.: from Part TP5
Removed Parameter Spec.: from Part U8
Removed Parameter Spec.: from Part U9
Removed Parameter Vendor: from Part C32
Removed Parameter Vendor: from Part C33
Removed Parameter Vendor: from Part C34
Removed Parameter Vendor: from Part C35
Removed Parameter Vendor: from Part C36
Removed Parameter Vendor: from Part C37
Removed Parameter Vendor: from Part D4
Removed Parameter Vendor: from Part D5
Removed Parameter Vendor: from Part L3
Removed Parameter Vendor: from Part R29
Removed Parameter Vendor: from Part R30
Removed Parameter Vendor: from Part R31
Removed Parameter Vendor: from Part R32
Removed Parameter Vendor: from Part TP2
Removed Parameter Vendor: from Part TP3
Removed Parameter Vendor: from Part TP4
Removed Parameter Vendor: from Part TP5
Removed Parameter Vendor: from Part U8
Removed Parameter Vendor: from Part U9
Change Value of Parameter Link in Part C32 Old= New=https://www.digikey.com/product-detail/en/tdk-corporation/CGA2B3X7R1V104K050BB/445-6901-1-ND/2672919
Change Value of Parameter Manufacturer in Part C32 Old= New=TDK Corporation
Change Value of Parameter Manufacturer Part No. in Part C32 Old= New=CGA2B3X7R1V104K050BB
Change Value of Parameter Specification in Part C32 Old=NP0, 6.3V, 5% New=X7R, 35V, 10%    
Change Value of Parameter Supplier in Part C32 Old=Rutronik New=DigiKey            
Change Value of Parameter Supplier part number in Part C32 Old= New=445-6901-1-ND
Change Value of Parameter Link in Part C33 Old= New=https://www.digikey.com/product-detail/en/taiyo-yuden/GMK325BJ226MM-P/587-5853-1-ND/7674973
Change Value of Parameter Manufacturer in Part C33 Old= New=Taiyo Yuden
Change Value of Parameter Manufacturer Part No. in Part C33 Old= New=GMK325BJ226MM-P
Change Value of Parameter Specification in Part C33 Old=NP0, 6.3V, 5% New=X5R, 35V, 20%  
Change Value of Parameter Supplier in Part C33 Old=Rutronik New=DigiKey  
Change Value of Parameter Supplier part number in Part C33 Old= New=587-5853-1-ND
Change Value of Parameter Link in Part C34 Old= New=https://www.digikey.com/product-detail/en/taiyo-yuden/GMK325BJ226MM-P/587-5853-1-ND/7674973
Change Value of Parameter Manufacturer in Part C34 Old= New=Taiyo Yuden
Change Value of Parameter Manufacturer Part No. in Part C34 Old= New=GMK325BJ226MM-P
Change Value of Parameter Specification in Part C34 Old=NP0, 6.3V, 5% New=X5R, 35V, 20%  
Change Value of Parameter Supplier in Part C34 Old=Rutronik New=DigiKey  
Change Value of Parameter Supplier part number in Part C34 Old= New=587-5853-1-ND
Change Value of Parameter Link in Part C35 Old= New=https://www.digikey.com/product-detail/en/taiyo-yuden/GMK325BJ226MM-P/587-5853-1-ND/7674973
Change Value of Parameter Manufacturer in Part C35 Old= New=Taiyo Yuden
Change Value of Parameter Manufacturer Part No. in Part C35 Old= New=GMK325BJ226MM-P
Change Value of Parameter Specification in Part C35 Old=NP0, 6.3V, 5% New=X5R, 35V, 20%  
Change Value of Parameter Supplier in Part C35 Old=Rutronik New=DigiKey  
Change Value of Parameter Supplier part number in Part C35 Old= New=587-5853-1-ND
Change Value of Parameter Link in Part C36 Old= New=https://www.digikey.com/product-detail/en/murata-electronics/GRM219R6YA475KA73D/490-7208-1-ND/3900454
Change Value of Parameter Manufacturer in Part C36 Old= New=Murata Electronics
Change Value of Parameter Manufacturer Part No. in Part C36 Old= New=GRM219R6YA475KA73D
Change Value of Parameter Specification in Part C36 Old=NP0, 6.3V, 5% New=X5R, 35V, 10%
Change Value of Parameter Supplier in Part C36 Old=Rutronik New=DigiKey
Change Value of Parameter Supplier part number in Part C36 Old= New=490-7208-1-ND
Change Value of Parameter Link in Part C37 Old= New=https://www.digikey.com/product-detail/en/murata-electronics/GRM219R6YA475KA73D/490-7208-1-ND/3900454
Change Value of Parameter Manufacturer in Part C37 Old= New=Murata Electronics
Change Value of Parameter Manufacturer Part No. in Part C37 Old= New=GRM219R6YA475KA73D
Change Value of Parameter Specification in Part C37 Old=NP0, 6.3V, 5% New=X5R, 35V, 10%
Change Value of Parameter Supplier in Part C37 Old=Rutronik New=DigiKey
Change Value of Parameter Supplier part number in Part C37 Old= New=490-7208-1-ND
Change Value of Parameter Link in Part L3 Old= New=https://www.digikey.com/product-detail/en/murata-electronics/LQH3NPN4R7MMEL/490-15954-1-ND/6800619
Change Value of Parameter Manufacturer in Part L3 Old=CHILISIN New=Murata Electronics
Change Value of Parameter Part Description in Part L3 Old=Inductor New=Power Inductor
Change Value of Parameter Specification in Part L3 Old=1.3A, 20% New=1A, 20%
Change Value of Parameter Supplier in Part L3 Old=Rutronik New=DigiKey
Change Value of Parameter Supplier part number in Part L3 Old=IND18798 New=490-15954-1-ND
Change Value of Parameter Link in Part R29 Old=https://www.rutronik24.com/search-result/nojs:1337/qs:RC0402JR-070RL/reset:0 New=https://www.digikey.com/product-detail/en/yageo/RC1206JR-070RL/311-0-0ERDKR-ND/735078
Change Value of Parameter Manufacturer Part No. in Part R29 Old=RC0402JR-070RL New=RC1206JR-070RL
Change Value of Parameter Specification in Part R29 Old=5% 0,063W New=0.25W
Change Value of Parameter Supplier in Part R29 Old=Rutronik New=DigiKey
Change Value of Parameter Supplier part number in Part R29 Old=WRC34031 New=311-0.0ERDKR-ND
Change Value of Parameter Link in Part R30 Old=https://www.rutronik24.com/search-result/nojs:1337/qs:RC0402JR-070RL/reset:0 New=https://www.digikey.com/product-detail/en/yageo/RC1206JR-070RL/311-0-0ERDKR-ND/735078
Change Value of Parameter Manufacturer Part No. in Part R30 Old=RC0402JR-070RL New=RC1206JR-070RL
Change Value of Parameter Specification in Part R30 Old=5% 0,063W New=0.25W
Change Value of Parameter Supplier in Part R30 Old=Rutronik New=DigiKey
Change Value of Parameter Supplier part number in Part R30 Old=WRC34031 New=311-0.0ERDKR-ND
Change Value of Parameter Link in Part R31 Old=https://www.rutronik24.com/search-result/nojs:1337/qs:RC0402JR-070RL/reset:0 New=https://www.digikey.com/product-detail/en/yageo/RC1206JR-070RL/311-0-0ERDKR-ND/735078
Change Value of Parameter Manufacturer Part No. in Part R31 Old=RC0402JR-070RL New=RC1206JR-070RL
Change Value of Parameter Specification in Part R31 Old=5% 0,063W New=0.25W
Change Value of Parameter Supplier in Part R31 Old=Rutronik New=DigiKey
Change Value of Parameter Supplier part number in Part R31 Old=WRC34031 New=311-0.0ERDKR-ND
Change Value of Parameter Link in Part R32 Old=https://www.rutronik24.com/search-result/nojs:1337/qs:RC0402JR-070RL/reset:0 New=https://www.digikey.com/product-detail/en/yageo/RC1206JR-070RL/311-0-0ERDKR-ND/735078
Change Value of Parameter Manufacturer Part No. in Part R32 Old=RC0402JR-070RL New=RC1206JR-070RL
Change Value of Parameter Specification in Part R32 Old=5% 0,063W New=0.25W
Change Value of Parameter Supplier in Part R32 Old=Rutronik New=DigiKey
Change Value of Parameter Supplier part number in Part R32 Old=WRC34031 New=311-0.0ERDKR-ND
Change Value of Parameter Link in Part TP4 Old=https://www.rutronik24.com/product/keystone/5019/7028403.html New=https://www.digikey.com/product-detail/en/keystone-electronics/5019/36-5019CT-ND/3907344
Change Value of Parameter Manufacturer in Part TP4 Old=Keystone Electrincs New=Keystone Electronics
Change Value of Parameter Supplier in Part TP4 Old=Rutronik New=DigiKey              
Change Value of Parameter Supplier part number in Part TP4 Old=BAT4950 New=36-5019CT-ND
Change Value of Parameter Link in Part U8 Old= New=https://www.digikey.com/product-detail/en/diodes-incorporated/AP63205WU-7/AP63205WU-7DICT-ND/9858428
Change Value of Parameter Manufacturer in Part U8 Old= New=Diodes Incorporated
Change Value of Parameter Manufacturer Part No. in Part U8 Old= New=AP63205WU-7
Change Value of Parameter Part Description in Part U8 Old= New=Buck Switching Regulator
Change Value of Parameter Specification in Part U8 Old= New=32V in, 5V, 2A
Change Value of Parameter Supplier in Part U8 Old= New=DigiKey
Change Value of Parameter Supplier part number in Part U8 Old= New=AP63205WU-7DICT-ND
Change Value of Parameter Value in Part U8 Old= New=AP63205WU-7
Change Value of Parameter Link in Part U9 Old= New=https://www.digikey.com/product-detail/en/stmicroelectronics/STLQ015M33R/497-15934-1-ND/5398723
Change Value of Parameter Manufacturer in Part U9 Old= New=STMicroelectronics
Change Value of Parameter Manufacturer Part No. in Part U9 Old= New=STLQ015M33R
Change Value of Parameter Part Description in Part U9 Old= New=Linear Voltage Regulator
Change Value of Parameter Specification in Part U9 Old= New=5.5V in, 3.3V, 150mA
Change Value of Parameter Supplier in Part U9 Old= New=DigiKey
Change Value of Parameter Supplier part number in Part U9 Old= New=497-15934-1-ND
Change Value of Parameter Value in Part U9 Old= New=STLQ015M33R  
