Change Component Parameter Comment in C32 Old= New=Capacitor ceramic
Change Component Parameter Description in C32 Old=Capacitor (Semiconductor SIM Model) New=Capacitor ceramic
Change Component Parameter Comment in C33 Old= New=Capacitor ceramic
Change Component Parameter Description in C33 Old=Capacitor (Semiconductor SIM Model) New=Capacitor ceramic
Change Component Parameter Comment in C34 Old= New=Capacitor ceramic
Change Component Parameter Description in C34 Old=Capacitor (Semiconductor SIM Model) New=Capacitor ceramic
Change Component Parameter Comment in C35 Old= New=Capacitor ceramic
Change Component Parameter Description in C35 Old=Capacitor (Semiconductor SIM Model) New=Capacitor ceramic
Change Component Parameter Comment in C36 Old= New=Capacitor ceramic
Change Component Parameter Description in C36 Old=Capacitor (Semiconductor SIM Model) New=Capacitor ceramic
Change Component Parameter Comment in C37 Old= New=Capacitor ceramic
Change Component Parameter Description in C37 Old=Capacitor (Semiconductor SIM Model) New=Capacitor ceramic
Change Value of Parameter Vendor in Part D4 Old=Arrow New=
Change Component Parameter Comment in L3 Old= New=Power Inductor
Change Component Parameter Comment in R29 Old= New=Resistor
Change Component Parameter Description in R29 Old= New=Resistor
Change Component Parameter Comment in R30 Old= New=Resistor
Change Component Parameter Description in R30 Old= New=Resistor
Change Component Parameter Comment in R31 Old= New=Resistor
Change Component Parameter Description in R31 Old= New=Resistor
Change Component Parameter Comment in R32 Old= New=Resistor
Change Component Parameter Description in R32 Old= New=Resistor
