Added Parameter Link= to Part TP2
Added Parameter Link= to Part TP3
Added Parameter Link= to Part TP5
Added Parameter Link= to Part U8
Added Parameter Link= to Part U9
Added Parameter Manufacturer= to Part TP2
Added Parameter Manufacturer= to Part TP3
Added Parameter Manufacturer= to Part TP5
Added Parameter Manufacturer= to Part U8
Added Parameter Manufacturer= to Part U9
Added Parameter Manufacturer Part No.= to Part D4
Added Parameter Manufacturer Part No.= to Part TP2
Added Parameter Manufacturer Part No.= to Part TP3
Added Parameter Manufacturer Part No.= to Part TP5
Added Parameter Manufacturer Part No.= to Part U8
Added Parameter Manufacturer Part No.= to Part U9
Added Parameter Part Description= to Part D4
Added Parameter Part Description= to Part TP2
Added Parameter Part Description= to Part TP3
Added Parameter Part Description= to Part TP5
Added Parameter Part Description= to Part U8
Added Parameter Part Description= to Part U9
Added Parameter Part No.= to Part C32
Added Parameter Part No.= to Part C33
Added Parameter Part No.= to Part C34
Added Parameter Part No.= to Part C35
Added Parameter Part No.= to Part C36
Added Parameter Part No.= to Part C37
Added Parameter Part No.= to Part D5
Added Parameter Part No.= to Part L3
Added Parameter Part No.= to Part R29
Added Parameter Part No.= to Part R30
Added Parameter Part No.= to Part R31
Added Parameter Part No.= to Part R32
Added Parameter Part No.= to Part TP2
Added Parameter Part No.= to Part TP3
Added Parameter Part No.= to Part TP4
Added Parameter Part No.= to Part TP5
Added Parameter Part No.= to Part U8
Added Parameter Part No.= to Part U9
Added Parameter Spec.= to Part C32
Added Parameter Spec.= to Part C33
Added Parameter Spec.= to Part C34
Added Parameter Spec.= to Part C35
Added Parameter Spec.= to Part C36
Added Parameter Spec.= to Part C37
Added Parameter Spec.= to Part D5
Added Parameter Spec.= to Part L3
Added Parameter Spec.= to Part R29
Added Parameter Spec.= to Part R30
Added Parameter Spec.= to Part R31
Added Parameter Spec.= to Part R32
Added Parameter Spec.= to Part TP2
Added Parameter Spec.= to Part TP3
Added Parameter Spec.= to Part TP4
Added Parameter Spec.= to Part TP5
Added Parameter Spec.= to Part U8
Added Parameter Spec.= to Part U9
Added Parameter Specification= to Part D4
Added Parameter Specification= to Part TP2
Added Parameter Specification= to Part TP3
Added Parameter Specification= to Part TP5
Added Parameter Specification= to Part U8
Added Parameter Specification= to Part U9
Added Parameter Supplier= to Part D4
Added Parameter Supplier= to Part TP2
Added Parameter Supplier= to Part TP3
Added Parameter Supplier= to Part TP5
Added Parameter Supplier= to Part U8
Added Parameter Supplier= to Part U9
Added Parameter Supplier part number= to Part D4
Added Parameter Supplier part number= to Part TP2
Added Parameter Supplier part number= to Part TP3
Added Parameter Supplier part number= to Part TP5
Added Parameter Supplier part number= to Part U8
Added Parameter Supplier part number= to Part U9
Added Parameter Value= to Part TP2
Added Parameter Value= to Part TP3
Added Parameter Value= to Part TP5
Added Parameter Value= to Part U8
Added Parameter Value= to Part U9
Added Parameter Vendor= to Part C32
Added Parameter Vendor= to Part C33
Added Parameter Vendor= to Part C34
Added Parameter Vendor= to Part C35
Added Parameter Vendor= to Part C36
Added Parameter Vendor= to Part C37
Added Parameter Vendor= to Part D5
Added Parameter Vendor= to Part L3
Added Parameter Vendor= to Part R29
Added Parameter Vendor= to Part R30
Added Parameter Vendor= to Part R31
Added Parameter Vendor= to Part R32
Added Parameter Vendor= to Part TP2
Added Parameter Vendor= to Part TP3
Added Parameter Vendor= to Part TP4
Added Parameter Vendor= to Part TP5
Added Parameter Vendor= to Part U8
Added Parameter Vendor= to Part U9
